CRITICAL - 2021-11-28 23:11:55 --> syntax error, unexpected 'return' (T_RETURN)
#0 C:\xampp\htdocs\codeigniter4\system\Router\Router.php(176): CodeIgniter\Router\Router->autoRoute('Web/biodata')
#1 C:\xampp\htdocs\codeigniter4\system\CodeIgniter.php(718): CodeIgniter\Router\Router->handle('Web/biodata')
#2 C:\xampp\htdocs\codeigniter4\system\CodeIgniter.php(359): CodeIgniter\CodeIgniter->tryToRouteIt(Object(CodeIgniter\Router\RouteCollection))
#3 C:\xampp\htdocs\codeigniter4\system\CodeIgniter.php(318): CodeIgniter\CodeIgniter->handleRequest(NULL, Object(Config\Cache), false)
#4 C:\xampp\htdocs\codeigniter4\public\index.php(37): CodeIgniter\CodeIgniter->run()
#5 C:\xampp\htdocs\codeigniter4\system\Commands\Server\rewrite.php(43): require_once('C:\\xampp\\htdocs...')
#6 {main}
CRITICAL - 2021-11-28 23:12:16 --> syntax error, unexpected 'return' (T_RETURN)
#0 C:\xampp\htdocs\codeigniter4\system\Router\Router.php(176): CodeIgniter\Router\Router->autoRoute('Web/biodata')
#1 C:\xampp\htdocs\codeigniter4\system\CodeIgniter.php(718): CodeIgniter\Router\Router->handle('Web/biodata')
#2 C:\xampp\htdocs\codeigniter4\system\CodeIgniter.php(359): CodeIgniter\CodeIgniter->tryToRouteIt(Object(CodeIgniter\Router\RouteCollection))
#3 C:\xampp\htdocs\codeigniter4\system\CodeIgniter.php(318): CodeIgniter\CodeIgniter->handleRequest(NULL, Object(Config\Cache), false)
#4 C:\xampp\htdocs\codeigniter4\public\index.php(37): CodeIgniter\CodeIgniter->run()
#5 C:\xampp\htdocs\codeigniter4\system\Commands\Server\rewrite.php(43): require_once('C:\\xampp\\htdocs...')
#6 {main}
CRITICAL - 2021-11-28 23:13:23 --> syntax error, unexpected 'return' (T_RETURN)
#0 C:\xampp\htdocs\codeigniter4\system\Router\Router.php(176): CodeIgniter\Router\Router->autoRoute('Web/biodata')
#1 C:\xampp\htdocs\codeigniter4\system\CodeIgniter.php(718): CodeIgniter\Router\Router->handle('Web/biodata')
#2 C:\xampp\htdocs\codeigniter4\system\CodeIgniter.php(359): CodeIgniter\CodeIgniter->tryToRouteIt(Object(CodeIgniter\Router\RouteCollection))
#3 C:\xampp\htdocs\codeigniter4\system\CodeIgniter.php(318): CodeIgniter\CodeIgniter->handleRequest(NULL, Object(Config\Cache), false)
#4 C:\xampp\htdocs\codeigniter4\public\index.php(37): CodeIgniter\CodeIgniter->run()
#5 C:\xampp\htdocs\codeigniter4\system\Commands\Server\rewrite.php(43): require_once('C:\\xampp\\htdocs...')
#6 {main}
CRITICAL - 2021-11-28 23:13:47 --> syntax error, unexpected 'return' (T_RETURN)
#0 C:\xampp\htdocs\codeigniter4\system\Router\Router.php(176): CodeIgniter\Router\Router->autoRoute('Web/biodata')
#1 C:\xampp\htdocs\codeigniter4\system\CodeIgniter.php(718): CodeIgniter\Router\Router->handle('Web/biodata')
#2 C:\xampp\htdocs\codeigniter4\system\CodeIgniter.php(359): CodeIgniter\CodeIgniter->tryToRouteIt(Object(CodeIgniter\Router\RouteCollection))
#3 C:\xampp\htdocs\codeigniter4\system\CodeIgniter.php(318): CodeIgniter\CodeIgniter->handleRequest(NULL, Object(Config\Cache), false)
#4 C:\xampp\htdocs\codeigniter4\public\index.php(37): CodeIgniter\CodeIgniter->run()
#5 C:\xampp\htdocs\codeigniter4\system\Commands\Server\rewrite.php(43): require_once('C:\\xampp\\htdocs...')
#6 {main}
CRITICAL - 2021-11-28 23:13:49 --> syntax error, unexpected 'return' (T_RETURN)
#0 C:\xampp\htdocs\codeigniter4\system\Router\Router.php(176): CodeIgniter\Router\Router->autoRoute('Web/biodata')
#1 C:\xampp\htdocs\codeigniter4\system\CodeIgniter.php(718): CodeIgniter\Router\Router->handle('Web/biodata')
#2 C:\xampp\htdocs\codeigniter4\system\CodeIgniter.php(359): CodeIgniter\CodeIgniter->tryToRouteIt(Object(CodeIgniter\Router\RouteCollection))
#3 C:\xampp\htdocs\codeigniter4\system\CodeIgniter.php(318): CodeIgniter\CodeIgniter->handleRequest(NULL, Object(Config\Cache), false)
#4 C:\xampp\htdocs\codeigniter4\public\index.php(37): CodeIgniter\CodeIgniter->run()
#5 C:\xampp\htdocs\codeigniter4\system\Commands\Server\rewrite.php(43): require_once('C:\\xampp\\htdocs...')
#6 {main}
CRITICAL - 2021-11-28 23:14:05 --> syntax error, unexpected 'return' (T_RETURN)
#0 C:\xampp\htdocs\codeigniter4\system\Router\Router.php(176): CodeIgniter\Router\Router->autoRoute('Web/biodata')
#1 C:\xampp\htdocs\codeigniter4\system\CodeIgniter.php(718): CodeIgniter\Router\Router->handle('Web/biodata')
#2 C:\xampp\htdocs\codeigniter4\system\CodeIgniter.php(359): CodeIgniter\CodeIgniter->tryToRouteIt(Object(CodeIgniter\Router\RouteCollection))
#3 C:\xampp\htdocs\codeigniter4\system\CodeIgniter.php(318): CodeIgniter\CodeIgniter->handleRequest(NULL, Object(Config\Cache), false)
#4 C:\xampp\htdocs\codeigniter4\public\index.php(37): CodeIgniter\CodeIgniter->run()
#5 C:\xampp\htdocs\codeigniter4\system\Commands\Server\rewrite.php(43): require_once('C:\\xampp\\htdocs...')
#6 {main}
CRITICAL - 2021-11-28 23:15:18 --> syntax error, unexpected 'return' (T_RETURN)
#0 C:\xampp\htdocs\codeigniter4\system\Router\Router.php(176): CodeIgniter\Router\Router->autoRoute('Web/biodata')
#1 C:\xampp\htdocs\codeigniter4\system\CodeIgniter.php(718): CodeIgniter\Router\Router->handle('Web/biodata')
#2 C:\xampp\htdocs\codeigniter4\system\CodeIgniter.php(359): CodeIgniter\CodeIgniter->tryToRouteIt(Object(CodeIgniter\Router\RouteCollection))
#3 C:\xampp\htdocs\codeigniter4\system\CodeIgniter.php(318): CodeIgniter\CodeIgniter->handleRequest(NULL, Object(Config\Cache), false)
#4 C:\xampp\htdocs\codeigniter4\public\index.php(37): CodeIgniter\CodeIgniter->run()
#5 C:\xampp\htdocs\codeigniter4\system\Commands\Server\rewrite.php(43): require_once('C:\\xampp\\htdocs...')
#6 {main}
CRITICAL - 2021-11-28 23:16:20 --> syntax error, unexpected 'return' (T_RETURN)
#0 C:\xampp\htdocs\codeigniter4\system\Router\Router.php(176): CodeIgniter\Router\Router->autoRoute('Web/biodata')
#1 C:\xampp\htdocs\codeigniter4\system\CodeIgniter.php(718): CodeIgniter\Router\Router->handle('Web/biodata')
#2 C:\xampp\htdocs\codeigniter4\system\CodeIgniter.php(359): CodeIgniter\CodeIgniter->tryToRouteIt(Object(CodeIgniter\Router\RouteCollection))
#3 C:\xampp\htdocs\codeigniter4\system\CodeIgniter.php(318): CodeIgniter\CodeIgniter->handleRequest(NULL, Object(Config\Cache), false)
#4 C:\xampp\htdocs\codeigniter4\public\index.php(37): CodeIgniter\CodeIgniter->run()
#5 C:\xampp\htdocs\codeigniter4\system\Commands\Server\rewrite.php(43): require_once('C:\\xampp\\htdocs...')
#6 {main}
CRITICAL - 2021-11-28 23:18:00 --> syntax error, unexpected '"Zara"' (T_CONSTANT_ENCAPSED_STRING), expecting identifier (T_STRING) or variable (T_VARIABLE) or '{' or '$'
#0 C:\xampp\htdocs\codeigniter4\system\Router\Router.php(176): CodeIgniter\Router\Router->autoRoute('Web/biodata')
#1 C:\xampp\htdocs\codeigniter4\system\CodeIgniter.php(718): CodeIgniter\Router\Router->handle('Web/biodata')
#2 C:\xampp\htdocs\codeigniter4\system\CodeIgniter.php(359): CodeIgniter\CodeIgniter->tryToRouteIt(Object(CodeIgniter\Router\RouteCollection))
#3 C:\xampp\htdocs\codeigniter4\system\CodeIgniter.php(318): CodeIgniter\CodeIgniter->handleRequest(NULL, Object(Config\Cache), false)
#4 C:\xampp\htdocs\codeigniter4\public\index.php(37): CodeIgniter\CodeIgniter->run()
#5 C:\xampp\htdocs\codeigniter4\system\Commands\Server\rewrite.php(43): require_once('C:\\xampp\\htdocs...')
#6 {main}
